The system is: Linux - 3.13.0-45-generic - x86_64
Compiling the C compiler identification source file "CMakeCCompilerId.c" succeeded.
Compiler: /usr/bin/cc 
Build flags: 
Id flags: 

The output was:
0


Compilation of the C compiler identification source "CMakeCCompilerId.c" produced "a.out"

The C compiler identification is GNU, found in "/home/jason.b/Desktop/Github/NICE/cpp/build/eigen/src/eigen-build/CMakeFiles/2.8.12.2/CompilerIdC/a.out"

Compiling the CXX compiler identification source file "CMakeCXXCompilerId.cpp" succeeded.
Compiler: /usr/bin/c++ 
Build flags: 
Id flags: 

The output was:
0


Compilation of the CXX compiler identification source "CMakeCXXCompilerId.cpp" produced "a.out"

The CXX compiler identification is GNU, found in "/home/jason.b/Desktop/Github/NICE/cpp/build/eigen/src/eigen-build/CMakeFiles/2.8.12.2/CompilerIdCXX/a.out"

Determining if the C compiler works passed with the following output:
Change Dir: /home/jason.b/Desktop/Github/NICE/cpp/build/eigen/src/eigen-build/CMakeFiles/CMakeTmp

Run Build Command:/usr/bin/make "cmTryCompileExec27285820/fast"
make[3]: Entering directory `/home/jason.b/Desktop/Github/NICE/cpp/build/eigen/src/eigen-build/CMakeFiles/CMakeTmp'
/usr/bin/make -f CMakeFiles/cmTryCompileExec27285820.dir/build.make CMakeFiles/cmTryCompileExec27285820.dir/build
make[4]: Entering directory `/home/jason.b/Desktop/Github/NICE/cpp/build/eigen/src/eigen-build/CMakeFiles/CMakeTmp'
/usr/bin/cmake -E cmake_progress_report /home/jason.b/Desktop/Github/NICE/cpp/build/eigen/src/eigen-build/CMakeFiles/CMakeTmp/CMakeFiles 1
Building C object CMakeFiles/cmTryCompileExec27285820.dir/testCCompiler.c.o
/usr/bin/cc    -o CMakeFiles/cmTryCompileExec27285820.dir/testCCompiler.c.o   -c /home/jason.b/Desktop/Github/NICE/cpp/build/eigen/src/eigen-build/CMakeFiles/CMakeTmp/testCCompiler.c
Linking C executable cmTryCompileExec27285820
/usr/bin/cmake -E cmake_link_script CMakeFiles/cmTryCompileExec27285820.dir/link.txt --verbose=1
/usr/bin/cc       CMakeFiles/cmTryCompileExec27285820.dir/testCCompiler.c.o  -o cmTryCompileExec27285820 -rdynamic 
make[4]: Leaving directory `/home/jason.b/Desktop/Github/NICE/cpp/build/eigen/src/eigen-build/CMakeFiles/CMakeTmp'
make[3]: Leaving directory `/home/jason.b/Desktop/Github/NICE/cpp/build/eigen/src/eigen-build/CMakeFiles/CMakeTmp'


Detecting C compiler ABI info compiled with the following output:
Change Dir: /home/jason.b/Desktop/Github/NICE/cpp/build/eigen/src/eigen-build/CMakeFiles/CMakeTmp

Run Build Command:/usr/bin/make "cmTryCompileExec4275144336/fast"
make[3]: Entering directory `/home/jason.b/Desktop/Github/NICE/cpp/build/eigen/src/eigen-build/CMakeFiles/CMakeTmp'
/usr/bin/make -f CMakeFiles/cmTryCompileExec4275144336.dir/build.make CMakeFiles/cmTryCompileExec4275144336.dir/build
make[4]: Entering directory `/home/jason.b/Desktop/Github/NICE/cpp/build/eigen/src/eigen-build/CMakeFiles/CMakeTmp'
/usr/bin/cmake -E cmake_progress_report /home/jason.b/Desktop/Github/NICE/cpp/build/eigen/src/eigen-build/CMakeFiles/CMakeTmp/CMakeFiles 1
Building C object CMakeFiles/cmTryCompileExec4275144336.dir/CMakeCCompilerABI.c.o
/usr/bin/cc    -o CMakeFiles/cmTryCompileExec4275144336.dir/CMakeCCompilerABI.c.o   -c /usr/share/cmake-2.8/Modules/CMakeCCompilerABI.c
Linking C executable cmTryCompileExec4275144336
/usr/bin/cmake -E cmake_link_script CMakeFiles/cmTryCompileExec4275144336.dir/link.txt --verbose=1
/usr/bin/cc     -v CMakeFiles/cmTryCompileExec4275144336.dir/CMakeCCompilerABI.c.o  -o cmTryCompileExec4275144336 -rdynamic  
Using built-in specs.
COLLECT_GCC=/usr/bin/cc
COLLECT_LTO_WRAPPER=/usr/lib/gcc/x86_64-linux-gnu/4.9/lto-wrapper
Target: x86_64-linux-gnu
Configured with: ../src/configure -v --with-pkgversion='Ubuntu 4.9.2-0ubuntu1~14.04' --with-bugurl=file:///usr/share/doc/gcc-4.9/README.Bugs --enable-languages=c,c++,java,go,d,fortran,objc,obj-c++ --prefix=/usr --program-suffix=-4.9 --enable-shared --enable-linker-build-id --libexecdir=/usr/lib --without-included-gettext --enable-threads=posix --with-gxx-include-dir=/usr/include/c++/4.9 --libdir=/usr/lib --enable-nls --with-sysroot=/ --enable-clocale=gnu --enable-libstdcxx-debug --enable-libstdcxx-time=yes --enable-gnu-unique-object --disable-vtable-verify --enable-plugin --with-system-zlib --disable-browser-plugin --enable-java-awt=gtk --enable-gtk-cairo --with-java-home=/usr/lib/jvm/java-1.5.0-gcj-4.9-amd64/jre --enable-java-home --with-jvm-root-dir=/usr/lib/jvm/java-1.5.0-gcj-4.9-amd64 --with-jvm-jar-dir=/usr/lib/jvm-exports/java-1.5.0-gcj-4.9-amd64 --with-arch-directory=amd64 --with-ecj-jar=/usr/share/java/eclipse-ecj.jar --enable-objc-gc --enable-multiarch --disable-werror --with-arch-32=i686 --with-abi=m64 --with-multilib-list=m32,m64,mx32 --enable-multilib --with-tune=generic --enable-checking=release --build=x86_64-linux-gnu --host=x86_64-linux-gnu --target=x86_64-linux-gnu
Thread model: posix
gcc version 4.9.2 (Ubuntu 4.9.2-0ubuntu1~14.04) 
COMPILER_PATH=/usr/lib/gcc/x86_64-linux-gnu/4.9/:/usr/lib/gcc/x86_64-linux-gnu/4.9/:/usr/lib/gcc/x86_64-linux-gnu/:/usr/lib/gcc/x86_64-linux-gnu/4.9/:/usr/lib/gcc/x86_64-linux-gnu/
LIBRARY_PATH=/usr/lib/gcc/x86_64-linux-gnu/4.9/:/usr/lib/gcc/x86_64-linux-gnu/4.9/../../../x86_64-linux-gnu/:/usr/lib/gcc/x86_64-linux-gnu/4.9/../../../../lib/:/lib/x86_64-linux-gnu/:/lib/../lib/:/usr/lib/x86_64-linux-gnu/:/usr/lib/../lib/:/usr/lib/gcc/x86_64-linux-gnu/4.9/../../../:/lib/:/usr/lib/
COLLECT_GCC_OPTIONS='-v' '-o' 'cmTryCompileExec4275144336' '-rdynamic' '-mtune=generic' '-march=x86-64'
 /usr/lib/gcc/x86_64-linux-gnu/4.9/collect2 -plugin /usr/lib/gcc/x86_64-linux-gnu/4.9/liblto_plugin.so -plugin-opt=/usr/lib/gcc/x86_64-linux-gnu/4.9/lto-wrapper -plugin-opt=-fresolution=/tmp/ccBqjSMg.res -plugin-opt=-pass-through=-lgcc -plugin-opt=-pass-through=-lgcc_s -plugin-opt=-pass-through=-lc -plugin-opt=-pass-through=-lgcc -plugin-opt=-pass-through=-lgcc_s --sysroot=/ --build-id --eh-frame-hdr -m elf_x86_64 --hash-style=gnu --as-needed -export-dynamic -dynamic-linker /lib64/ld-linux-x86-64.so.2 -z relro -o cmTryCompileExec4275144336 /usr/lib/gcc/x86_64-linux-gnu/4.9/../../../x86_64-linux-gnu/crt1.o /usr/lib/gcc/x86_64-linux-gnu/4.9/../../../x86_64-linux-gnu/crti.o /usr/lib/gcc/x86_64-linux-gnu/4.9/crtbegin.o -L/usr/lib/gcc/x86_64-linux-gnu/4.9 -L/usr/lib/gcc/x86_64-linux-gnu/4.9/../../../x86_64-linux-gnu -L/usr/lib/gcc/x86_64-linux-gnu/4.9/../../../../lib -L/lib/x86_64-linux-gnu -L/lib/../lib -L/usr/lib/x86_64-linux-gnu -L/usr/lib/../lib -L/usr/lib/gcc/x86_64-linux-gnu/4.9/../../.. CMakeFiles/cmTryCompileExec4275144336.dir/CMakeCCompilerABI.c.o -lgcc --as-needed -lgcc_s --no-as-needed -lc -lgcc --as-needed -lgcc_s --no-as-needed /usr/lib/gcc/x86_64-linux-gnu/4.9/crtend.o /usr/lib/gcc/x86_64-linux-gnu/4.9/../../../x86_64-linux-gnu/crtn.o
make[4]: Leaving directory `/home/jason.b/Desktop/Github/NICE/cpp/build/eigen/src/eigen-build/CMakeFiles/CMakeTmp'
make[3]: Leaving directory `/home/jason.b/Desktop/Github/NICE/cpp/build/eigen/src/eigen-build/CMakeFiles/CMakeTmp'


Parsed C implicit link information from above output:
  link line regex: [^( *|.*[/\])(ld|([^/\]+-)?ld|collect2)[^/\]*( |$)]
  ignore line: [Change Dir: /home/jason.b/Desktop/Github/NICE/cpp/build/eigen/src/eigen-build/CMakeFiles/CMakeTmp]
  ignore line: []
  ignore line: [Run Build Command:/usr/bin/make "cmTryCompileExec4275144336/fast"]
  ignore line: [make[3]: Entering directory `/home/jason.b/Desktop/Github/NICE/cpp/build/eigen/src/eigen-build/CMakeFiles/CMakeTmp']
  ignore line: [/usr/bin/make -f CMakeFiles/cmTryCompileExec4275144336.dir/build.make CMakeFiles/cmTryCompileExec4275144336.dir/build]
  ignore line: [make[4]: Entering directory `/home/jason.b/Desktop/Github/NICE/cpp/build/eigen/src/eigen-build/CMakeFiles/CMakeTmp']
  ignore line: [/usr/bin/cmake -E cmake_progress_report /home/jason.b/Desktop/Github/NICE/cpp/build/eigen/src/eigen-build/CMakeFiles/CMakeTmp/CMakeFiles 1]
  ignore line: [Building C object CMakeFiles/cmTryCompileExec4275144336.dir/CMakeCCompilerABI.c.o]
  ignore line: [/usr/bin/cc    -o CMakeFiles/cmTryCompileExec4275144336.dir/CMakeCCompilerABI.c.o   -c /usr/share/cmake-2.8/Modules/CMakeCCompilerABI.c]
  ignore line: [Linking C executable cmTryCompileExec4275144336]
  ignore line: [/usr/bin/cmake -E cmake_link_script CMakeFiles/cmTryCompileExec4275144336.dir/link.txt --verbose=1]
  ignore line: [/usr/bin/cc     -v CMakeFiles/cmTryCompileExec4275144336.dir/CMakeCCompilerABI.c.o  -o cmTryCompileExec4275144336 -rdynamic  ]
  ignore line: [Using built-in specs.]
  ignore line: [COLLECT_GCC=/usr/bin/cc]
  ignore line: [COLLECT_LTO_WRAPPER=/usr/lib/gcc/x86_64-linux-gnu/4.9/lto-wrapper]
  ignore line: [Target: x86_64-linux-gnu]
  ignore line: [Configured with: ../src/configure -v --with-pkgversion='Ubuntu 4.9.2-0ubuntu1~14.04' --with-bugurl=file:///usr/share/doc/gcc-4.9/README.Bugs --enable-languages=c,c++,java,go,d,fortran,objc,obj-c++ --prefix=/usr --program-suffix=-4.9 --enable-shared --enable-linker-build-id --libexecdir=/usr/lib --without-included-gettext --enable-threads=posix --with-gxx-include-dir=/usr/include/c++/4.9 --libdir=/usr/lib --enable-nls --with-sysroot=/ --enable-clocale=gnu --enable-libstdcxx-debug --enable-libstdcxx-time=yes --enable-gnu-unique-object --disable-vtable-verify --enable-plugin --with-system-zlib --disable-browser-plugin --enable-java-awt=gtk --enable-gtk-cairo --with-java-home=/usr/lib/jvm/java-1.5.0-gcj-4.9-amd64/jre --enable-java-home --with-jvm-root-dir=/usr/lib/jvm/java-1.5.0-gcj-4.9-amd64 --with-jvm-jar-dir=/usr/lib/jvm-exports/java-1.5.0-gcj-4.9-amd64 --with-arch-directory=amd64 --with-ecj-jar=/usr/share/java/eclipse-ecj.jar --enable-objc-gc --enable-multiarch --disable-werror --with-arch-32=i686 --with-abi=m64 --with-multilib-list=m32,m64,mx32 --enable-multilib --with-tune=generic --enable-checking=release --build=x86_64-linux-gnu --host=x86_64-linux-gnu --target=x86_64-linux-gnu]
  ignore line: [Thread model: posix]
  ignore line: [gcc version 4.9.2 (Ubuntu 4.9.2-0ubuntu1~14.04) ]
  ignore line: [COMPILER_PATH=/usr/lib/gcc/x86_64-linux-gnu/4.9/:/usr/lib/gcc/x86_64-linux-gnu/4.9/:/usr/lib/gcc/x86_64-linux-gnu/:/usr/lib/gcc/x86_64-linux-gnu/4.9/:/usr/lib/gcc/x86_64-linux-gnu/]
  ignore line: [LIBRARY_PATH=/usr/lib/gcc/x86_64-linux-gnu/4.9/:/usr/lib/gcc/x86_64-linux-gnu/4.9/../../../x86_64-linux-gnu/:/usr/lib/gcc/x86_64-linux-gnu/4.9/../../../../lib/:/lib/x86_64-linux-gnu/:/lib/../lib/:/usr/lib/x86_64-linux-gnu/:/usr/lib/../lib/:/usr/lib/gcc/x86_64-linux-gnu/4.9/../../../:/lib/:/usr/lib/]
  ignore line: [COLLECT_GCC_OPTIONS='-v' '-o' 'cmTryCompileExec4275144336' '-rdynamic' '-mtune=generic' '-march=x86-64']
  link line: [ /usr/lib/gcc/x86_64-linux-gnu/4.9/collect2 -plugin /usr/lib/gcc/x86_64-linux-gnu/4.9/liblto_plugin.so -plugin-opt=/usr/lib/gcc/x86_64-linux-gnu/4.9/lto-wrapper -plugin-opt=-fresolution=/tmp/ccBqjSMg.res -plugin-opt=-pass-through=-lgcc -plugin-opt=-pass-through=-lgcc_s -plugin-opt=-pass-through=-lc -plugin-opt=-pass-through=-lgcc -plugin-opt=-pass-through=-lgcc_s --sysroot=/ --build-id --eh-frame-hdr -m elf_x86_64 --hash-style=gnu --as-needed -export-dynamic -dynamic-linker /lib64/ld-linux-x86-64.so.2 -z relro -o cmTryCompileExec4275144336 /usr/lib/gcc/x86_64-linux-gnu/4.9/../../../x86_64-linux-gnu/crt1.o /usr/lib/gcc/x86_64-linux-gnu/4.9/../../../x86_64-linux-gnu/crti.o /usr/lib/gcc/x86_64-linux-gnu/4.9/crtbegin.o -L/usr/lib/gcc/x86_64-linux-gnu/4.9 -L/usr/lib/gcc/x86_64-linux-gnu/4.9/../../../x86_64-linux-gnu -L/usr/lib/gcc/x86_64-linux-gnu/4.9/../../../../lib -L/lib/x86_64-linux-gnu -L/lib/../lib -L/usr/lib/x86_64-linux-gnu -L/usr/lib/../lib -L/usr/lib/gcc/x86_64-linux-gnu/4.9/../../.. CMakeFiles/cmTryCompileExec4275144336.dir/CMakeCCompilerABI.c.o -lgcc --as-needed -lgcc_s --no-as-needed -lc -lgcc --as-needed -lgcc_s --no-as-needed /usr/lib/gcc/x86_64-linux-gnu/4.9/crtend.o /usr/lib/gcc/x86_64-linux-gnu/4.9/../../../x86_64-linux-gnu/crtn.o]
    arg [/usr/lib/gcc/x86_64-linux-gnu/4.9/collect2] ==> ignore
    arg [-plugin] ==> ignore
    arg [/usr/lib/gcc/x86_64-linux-gnu/4.9/liblto_plugin.so] ==> ignore
    arg [-plugin-opt=/usr/lib/gcc/x86_64-linux-gnu/4.9/lto-wrapper] ==> ignore
    arg [-plugin-opt=-fresolution=/tmp/ccBqjSMg.res] ==> ignore
    arg [-plugin-opt=-pass-through=-lgcc] ==> ignore
    arg [-plugin-opt=-pass-through=-lgcc_s] ==> ignore
    arg [-plugin-opt=-pass-through=-lc] ==> ignore
    arg [-plugin-opt=-pass-through=-lgcc] ==> ignore
    arg [-plugin-opt=-pass-through=-lgcc_s] ==> ignore
    arg [--sysroot=/] ==> ignore
    arg [--build-id] ==> ignore
    arg [--eh-frame-hdr] ==> ignore
    arg [-m] ==> ignore
    arg [elf_x86_64] ==> ignore
    arg [--hash-style=gnu] ==> ignore
    arg [--as-needed] ==> ignore
    arg [-export-dynamic] ==> ignore
    arg [-dynamic-linker] ==> ignore
    arg [/lib64/ld-linux-x86-64.so.2] ==> ignore
    arg [-zrelro] ==> ignore
    arg [-o] ==> ignore
    arg [cmTryCompileExec4275144336] ==> ignore
    arg [/usr/lib/gcc/x86_64-linux-gnu/4.9/../../../x86_64-linux-gnu/crt1.o] ==> ignore
    arg [/usr/lib/gcc/x86_64-linux-gnu/4.9/../../../x86_64-linux-gnu/crti.o] ==> ignore
    arg [/usr/lib/gcc/x86_64-linux-gnu/4.9/crtbegin.o] ==> ignore
    arg [-L/usr/lib/gcc/x86_64-linux-gnu/4.9] ==> dir [/usr/lib/gcc/x86_64-linux-gnu/4.9]
    arg [-L/usr/lib/gcc/x86_64-linux-gnu/4.9/../../../x86_64-linux-gnu] ==> dir [/usr/lib/gcc/x86_64-linux-gnu/4.9/../../../x86_64-linux-gnu]
    arg [-L/usr/lib/gcc/x86_64-linux-gnu/4.9/../../../../lib] ==> dir [/usr/lib/gcc/x86_64-linux-gnu/4.9/../../../../lib]
    arg [-L/lib/x86_64-linux-gnu] ==> dir [/lib/x86_64-linux-gnu]
    arg [-L/lib/../lib] ==> dir [/lib/../lib]
    arg [-L/usr/lib/x86_64-linux-gnu] ==> dir [/usr/lib/x86_64-linux-gnu]
    arg [-L/usr/lib/../lib] ==> dir [/usr/lib/../lib]
    arg [-L/usr/lib/gcc/x86_64-linux-gnu/4.9/../../..] ==> dir [/usr/lib/gcc/x86_64-linux-gnu/4.9/../../..]
    arg [CMakeFiles/cmTryCompileExec4275144336.dir/CMakeCCompilerABI.c.o] ==> ignore
    arg [-lgcc] ==> lib [gcc]
    arg [--as-needed] ==> ignore
    arg [-lgcc_s] ==> lib [gcc_s]
    arg [--no-as-needed] ==> ignore
    arg [-lc] ==> lib [c]
    arg [-lgcc] ==> lib [gcc]
    arg [--as-needed] ==> ignore
    arg [-lgcc_s] ==> lib [gcc_s]
    arg [--no-as-needed] ==> ignore
    arg [/usr/lib/gcc/x86_64-linux-gnu/4.9/crtend.o] ==> ignore
    arg [/usr/lib/gcc/x86_64-linux-gnu/4.9/../../../x86_64-linux-gnu/crtn.o] ==> ignore
  remove lib [gcc]
  remove lib [gcc_s]
  remove lib [gcc]
  remove lib [gcc_s]
  collapse library dir [/usr/lib/gcc/x86_64-linux-gnu/4.9] ==> [/usr/lib/gcc/x86_64-linux-gnu/4.9]
  collapse library dir [/usr/lib/gcc/x86_64-linux-gnu/4.9/../../../x86_64-linux-gnu] ==> [/usr/lib/x86_64-linux-gnu]
  collapse library dir [/usr/lib/gcc/x86_64-linux-gnu/4.9/../../../../lib] ==> [/usr/lib]
  collapse library dir [/lib/x86_64-linux-gnu] ==> [/lib/x86_64-linux-gnu]
  collapse library dir [/lib/../lib] ==> [/lib]
  collapse library dir [/usr/lib/x86_64-linux-gnu] ==> [/usr/lib/x86_64-linux-gnu]
  collapse library dir [/usr/lib/../lib] ==> [/usr/lib]
  collapse library dir [/usr/lib/gcc/x86_64-linux-gnu/4.9/../../..] ==> [/usr/lib]
  implicit libs: [c]
  implicit dirs: [/usr/lib/gcc/x86_64-linux-gnu/4.9;/usr/lib/x86_64-linux-gnu;/usr/lib;/lib/x86_64-linux-gnu;/lib]
  implicit fwks: []


Determining if the CXX compiler works passed with the following output:
Change Dir: /home/jason.b/Desktop/Github/NICE/cpp/build/eigen/src/eigen-build/CMakeFiles/CMakeTmp

Run Build Command:/usr/bin/make "cmTryCompileExec2415114372/fast"
make[3]: Entering directory `/home/jason.b/Desktop/Github/NICE/cpp/build/eigen/src/eigen-build/CMakeFiles/CMakeTmp'
/usr/bin/make -f CMakeFiles/cmTryCompileExec2415114372.dir/build.make CMakeFiles/cmTryCompileExec2415114372.dir/build
make[4]: Entering directory `/home/jason.b/Desktop/Github/NICE/cpp/build/eigen/src/eigen-build/CMakeFiles/CMakeTmp'
/usr/bin/cmake -E cmake_progress_report /home/jason.b/Desktop/Github/NICE/cpp/build/eigen/src/eigen-build/CMakeFiles/CMakeTmp/CMakeFiles 1
Building CXX object CMakeFiles/cmTryCompileExec2415114372.dir/testCXXCompiler.cxx.o
/usr/bin/c++     -o CMakeFiles/cmTryCompileExec2415114372.dir/testCXXCompiler.cxx.o -c /home/jason.b/Desktop/Github/NICE/cpp/build/eigen/src/eigen-build/CMakeFiles/CMakeTmp/testCXXCompiler.cxx
Linking CXX executable cmTryCompileExec2415114372
/usr/bin/cmake -E cmake_link_script CMakeFiles/cmTryCompileExec2415114372.dir/link.txt --verbose=1
/usr/bin/c++        CMakeFiles/cmTryCompileExec2415114372.dir/testCXXCompiler.cxx.o  -o cmTryCompileExec2415114372 -rdynamic 
make[4]: Leaving directory `/home/jason.b/Desktop/Github/NICE/cpp/build/eigen/src/eigen-build/CMakeFiles/CMakeTmp'
make[3]: Leaving directory `/home/jason.b/Desktop/Github/NICE/cpp/build/eigen/src/eigen-build/CMakeFiles/CMakeTmp'


Detecting CXX compiler ABI info compiled with the following output:
Change Dir: /home/jason.b/Desktop/Github/NICE/cpp/build/eigen/src/eigen-build/CMakeFiles/CMakeTmp

Run Build Command:/usr/bin/make "cmTryCompileExec207968547/fast"
make[3]: Entering directory `/home/jason.b/Desktop/Github/NICE/cpp/build/eigen/src/eigen-build/CMakeFiles/CMakeTmp'
/usr/bin/make -f CMakeFiles/cmTryCompileExec207968547.dir/build.make CMakeFiles/cmTryCompileExec207968547.dir/build
make[4]: Entering directory `/home/jason.b/Desktop/Github/NICE/cpp/build/eigen/src/eigen-build/CMakeFiles/CMakeTmp'
/usr/bin/cmake -E cmake_progress_report /home/jason.b/Desktop/Github/NICE/cpp/build/eigen/src/eigen-build/CMakeFiles/CMakeTmp/CMakeFiles 1
Building CXX object CMakeFiles/cmTryCompileExec207968547.dir/CMakeCXXCompilerABI.cpp.o
/usr/bin/c++     -o CMakeFiles/cmTryCompileExec207968547.dir/CMakeCXXCompilerABI.cpp.o -c /usr/share/cmake-2.8/Modules/CMakeCXXCompilerABI.cpp
Linking CXX executable cmTryCompileExec207968547
/usr/bin/cmake -E cmake_link_script CMakeFiles/cmTryCompileExec207968547.dir/link.txt --verbose=1
/usr/bin/c++      -v CMakeFiles/cmTryCompileExec207968547.dir/CMakeCXXCompilerABI.cpp.o  -o cmTryCompileExec207968547 -rdynamic  
Using built-in specs.
COLLECT_GCC=/usr/bin/c++
COLLECT_LTO_WRAPPER=/usr/lib/gcc/x86_64-linux-gnu/4.9/lto-wrapper
Target: x86_64-linux-gnu
Configured with: ../src/configure -v --with-pkgversion='Ubuntu 4.9.2-0ubuntu1~14.04' --with-bugurl=file:///usr/share/doc/gcc-4.9/README.Bugs --enable-languages=c,c++,java,go,d,fortran,objc,obj-c++ --prefix=/usr --program-suffix=-4.9 --enable-shared --enable-linker-build-id --libexecdir=/usr/lib --without-included-gettext --enable-threads=posix --with-gxx-include-dir=/usr/include/c++/4.9 --libdir=/usr/lib --enable-nls --with-sysroot=/ --enable-clocale=gnu --enable-libstdcxx-debug --enable-libstdcxx-time=yes --enable-gnu-unique-object --disable-vtable-verify --enable-plugin --with-system-zlib --disable-browser-plugin --enable-java-awt=gtk --enable-gtk-cairo --with-java-home=/usr/lib/jvm/java-1.5.0-gcj-4.9-amd64/jre --enable-java-home --with-jvm-root-dir=/usr/lib/jvm/java-1.5.0-gcj-4.9-amd64 --with-jvm-jar-dir=/usr/lib/jvm-exports/java-1.5.0-gcj-4.9-amd64 --with-arch-directory=amd64 --with-ecj-jar=/usr/share/java/eclipse-ecj.jar --enable-objc-gc --enable-multiarch --disable-werror --with-arch-32=i686 --with-abi=m64 --with-multilib-list=m32,m64,mx32 --enable-multilib --with-tune=generic --enable-checking=release --build=x86_64-linux-gnu --host=x86_64-linux-gnu --target=x86_64-linux-gnu
Thread model: posix
gcc version 4.9.2 (Ubuntu 4.9.2-0ubuntu1~14.04) 
COMPILER_PATH=/usr/lib/gcc/x86_64-linux-gnu/4.9/:/usr/lib/gcc/x86_64-linux-gnu/4.9/:/usr/lib/gcc/x86_64-linux-gnu/:/usr/lib/gcc/x86_64-linux-gnu/4.9/:/usr/lib/gcc/x86_64-linux-gnu/
LIBRARY_PATH=/usr/lib/gcc/x86_64-linux-gnu/4.9/:/usr/lib/gcc/x86_64-linux-gnu/4.9/../../../x86_64-linux-gnu/:/usr/lib/gcc/x86_64-linux-gnu/4.9/../../../../lib/:/lib/x86_64-linux-gnu/:/lib/../lib/:/usr/lib/x86_64-linux-gnu/:/usr/lib/../lib/:/usr/lib/gcc/x86_64-linux-gnu/4.9/../../../:/lib/:/usr/lib/
COLLECT_GCC_OPTIONS='-v' '-o' 'cmTryCompileExec207968547' '-rdynamic' '-shared-libgcc' '-mtune=generic' '-march=x86-64'
 /usr/lib/gcc/x86_64-linux-gnu/4.9/collect2 -plugin /usr/lib/gcc/x86_64-linux-gnu/4.9/liblto_plugin.so -plugin-opt=/usr/lib/gcc/x86_64-linux-gnu/4.9/lto-wrapper -plugin-opt=-fresolution=/tmp/ccQiInwE.res -plugin-opt=-pass-through=-lgcc_s -plugin-opt=-pass-through=-lgcc -plugin-opt=-pass-through=-lc -plugin-opt=-pass-through=-lgcc_s -plugin-opt=-pass-through=-lgcc --sysroot=/ --build-id --eh-frame-hdr -m elf_x86_64 --hash-style=gnu --as-needed -export-dynamic -dynamic-linker /lib64/ld-linux-x86-64.so.2 -z relro -o cmTryCompileExec207968547 /usr/lib/gcc/x86_64-linux-gnu/4.9/../../../x86_64-linux-gnu/crt1.o /usr/lib/gcc/x86_64-linux-gnu/4.9/../../../x86_64-linux-gnu/crti.o /usr/lib/gcc/x86_64-linux-gnu/4.9/crtbegin.o -L/usr/lib/gcc/x86_64-linux-gnu/4.9 -L/usr/lib/gcc/x86_64-linux-gnu/4.9/../../../x86_64-linux-gnu -L/usr/lib/gcc/x86_64-linux-gnu/4.9/../../../../lib -L/lib/x86_64-linux-gnu -L/lib/../lib -L/usr/lib/x86_64-linux-gnu -L/usr/lib/../lib -L/usr/lib/gcc/x86_64-linux-gnu/4.9/../../.. CMakeFiles/cmTryCompileExec207968547.dir/CMakeCXXCompilerABI.cpp.o -lstdc++ -lm -lgcc_s -lgcc -lc -lgcc_s -lgcc /usr/lib/gcc/x86_64-linux-gnu/4.9/crtend.o /usr/lib/gcc/x86_64-linux-gnu/4.9/../../../x86_64-linux-gnu/crtn.o
make[4]: Leaving directory `/home/jason.b/Desktop/Github/NICE/cpp/build/eigen/src/eigen-build/CMakeFiles/CMakeTmp'
make[3]: Leaving directory `/home/jason.b/Desktop/Github/NICE/cpp/build/eigen/src/eigen-build/CMakeFiles/CMakeTmp'


Parsed CXX implicit link information from above output:
  link line regex: [^( *|.*[/\])(ld|([^/\]+-)?ld|collect2)[^/\]*( |$)]
  ignore line: [Change Dir: /home/jason.b/Desktop/Github/NICE/cpp/build/eigen/src/eigen-build/CMakeFiles/CMakeTmp]
  ignore line: []
  ignore line: [Run Build Command:/usr/bin/make "cmTryCompileExec207968547/fast"]
  ignore line: [make[3]: Entering directory `/home/jason.b/Desktop/Github/NICE/cpp/build/eigen/src/eigen-build/CMakeFiles/CMakeTmp']
  ignore line: [/usr/bin/make -f CMakeFiles/cmTryCompileExec207968547.dir/build.make CMakeFiles/cmTryCompileExec207968547.dir/build]
  ignore line: [make[4]: Entering directory `/home/jason.b/Desktop/Github/NICE/cpp/build/eigen/src/eigen-build/CMakeFiles/CMakeTmp']
  ignore line: [/usr/bin/cmake -E cmake_progress_report /home/jason.b/Desktop/Github/NICE/cpp/build/eigen/src/eigen-build/CMakeFiles/CMakeTmp/CMakeFiles 1]
  ignore line: [Building CXX object CMakeFiles/cmTryCompileExec207968547.dir/CMakeCXXCompilerABI.cpp.o]
  ignore line: [/usr/bin/c++     -o CMakeFiles/cmTryCompileExec207968547.dir/CMakeCXXCompilerABI.cpp.o -c /usr/share/cmake-2.8/Modules/CMakeCXXCompilerABI.cpp]
  ignore line: [Linking CXX executable cmTryCompileExec207968547]
  ignore line: [/usr/bin/cmake -E cmake_link_script CMakeFiles/cmTryCompileExec207968547.dir/link.txt --verbose=1]
  ignore line: [/usr/bin/c++      -v CMakeFiles/cmTryCompileExec207968547.dir/CMakeCXXCompilerABI.cpp.o  -o cmTryCompileExec207968547 -rdynamic  ]
  ignore line: [Using built-in specs.]
  ignore line: [COLLECT_GCC=/usr/bin/c++]
  ignore line: [COLLECT_LTO_WRAPPER=/usr/lib/gcc/x86_64-linux-gnu/4.9/lto-wrapper]
  ignore line: [Target: x86_64-linux-gnu]
  ignore line: [Configured with: ../src/configure -v --with-pkgversion='Ubuntu 4.9.2-0ubuntu1~14.04' --with-bugurl=file:///usr/share/doc/gcc-4.9/README.Bugs --enable-languages=c,c++,java,go,d,fortran,objc,obj-c++ --prefix=/usr --program-suffix=-4.9 --enable-shared --enable-linker-build-id --libexecdir=/usr/lib --without-included-gettext --enable-threads=posix --with-gxx-include-dir=/usr/include/c++/4.9 --libdir=/usr/lib --enable-nls --with-sysroot=/ --enable-clocale=gnu --enable-libstdcxx-debug --enable-libstdcxx-time=yes --enable-gnu-unique-object --disable-vtable-verify --enable-plugin --with-system-zlib --disable-browser-plugin --enable-java-awt=gtk --enable-gtk-cairo --with-java-home=/usr/lib/jvm/java-1.5.0-gcj-4.9-amd64/jre --enable-java-home --with-jvm-root-dir=/usr/lib/jvm/java-1.5.0-gcj-4.9-amd64 --with-jvm-jar-dir=/usr/lib/jvm-exports/java-1.5.0-gcj-4.9-amd64 --with-arch-directory=amd64 --with-ecj-jar=/usr/share/java/eclipse-ecj.jar --enable-objc-gc --enable-multiarch --disable-werror --with-arch-32=i686 --with-abi=m64 --with-multilib-list=m32,m64,mx32 --enable-multilib --with-tune=generic --enable-checking=release --build=x86_64-linux-gnu --host=x86_64-linux-gnu --target=x86_64-linux-gnu]
  ignore line: [Thread model: posix]
  ignore line: [gcc version 4.9.2 (Ubuntu 4.9.2-0ubuntu1~14.04) ]
  ignore line: [COMPILER_PATH=/usr/lib/gcc/x86_64-linux-gnu/4.9/:/usr/lib/gcc/x86_64-linux-gnu/4.9/:/usr/lib/gcc/x86_64-linux-gnu/:/usr/lib/gcc/x86_64-linux-gnu/4.9/:/usr/lib/gcc/x86_64-linux-gnu/]
  ignore line: [LIBRARY_PATH=/usr/lib/gcc/x86_64-linux-gnu/4.9/:/usr/lib/gcc/x86_64-linux-gnu/4.9/../../../x86_64-linux-gnu/:/usr/lib/gcc/x86_64-linux-gnu/4.9/../../../../lib/:/lib/x86_64-linux-gnu/:/lib/../lib/:/usr/lib/x86_64-linux-gnu/:/usr/lib/../lib/:/usr/lib/gcc/x86_64-linux-gnu/4.9/../../../:/lib/:/usr/lib/]
  ignore line: [COLLECT_GCC_OPTIONS='-v' '-o' 'cmTryCompileExec207968547' '-rdynamic' '-shared-libgcc' '-mtune=generic' '-march=x86-64']
  link line: [ /usr/lib/gcc/x86_64-linux-gnu/4.9/collect2 -plugin /usr/lib/gcc/x86_64-linux-gnu/4.9/liblto_plugin.so -plugin-opt=/usr/lib/gcc/x86_64-linux-gnu/4.9/lto-wrapper -plugin-opt=-fresolution=/tmp/ccQiInwE.res -plugin-opt=-pass-through=-lgcc_s -plugin-opt=-pass-through=-lgcc -plugin-opt=-pass-through=-lc -plugin-opt=-pass-through=-lgcc_s -plugin-opt=-pass-through=-lgcc --sysroot=/ --build-id --eh-frame-hdr -m elf_x86_64 --hash-style=gnu --as-needed -export-dynamic -dynamic-linker /lib64/ld-linux-x86-64.so.2 -z relro -o cmTryCompileExec207968547 /usr/lib/gcc/x86_64-linux-gnu/4.9/../../../x86_64-linux-gnu/crt1.o /usr/lib/gcc/x86_64-linux-gnu/4.9/../../../x86_64-linux-gnu/crti.o /usr/lib/gcc/x86_64-linux-gnu/4.9/crtbegin.o -L/usr/lib/gcc/x86_64-linux-gnu/4.9 -L/usr/lib/gcc/x86_64-linux-gnu/4.9/../../../x86_64-linux-gnu -L/usr/lib/gcc/x86_64-linux-gnu/4.9/../../../../lib -L/lib/x86_64-linux-gnu -L/lib/../lib -L/usr/lib/x86_64-linux-gnu -L/usr/lib/../lib -L/usr/lib/gcc/x86_64-linux-gnu/4.9/../../.. CMakeFiles/cmTryCompileExec207968547.dir/CMakeCXXCompilerABI.cpp.o -lstdc++ -lm -lgcc_s -lgcc -lc -lgcc_s -lgcc /usr/lib/gcc/x86_64-linux-gnu/4.9/crtend.o /usr/lib/gcc/x86_64-linux-gnu/4.9/../../../x86_64-linux-gnu/crtn.o]
    arg [/usr/lib/gcc/x86_64-linux-gnu/4.9/collect2] ==> ignore
    arg [-plugin] ==> ignore
    arg [/usr/lib/gcc/x86_64-linux-gnu/4.9/liblto_plugin.so] ==> ignore
    arg [-plugin-opt=/usr/lib/gcc/x86_64-linux-gnu/4.9/lto-wrapper] ==> ignore
    arg [-plugin-opt=-fresolution=/tmp/ccQiInwE.res] ==> ignore
    arg [-plugin-opt=-pass-through=-lgcc_s] ==> ignore
    arg [-plugin-opt=-pass-through=-lgcc] ==> ignore
    arg [-plugin-opt=-pass-through=-lc] ==> ignore
    arg [-plugin-opt=-pass-through=-lgcc_s] ==> ignore
    arg [-plugin-opt=-pass-through=-lgcc] ==> ignore
    arg [--sysroot=/] ==> ignore
    arg [--build-id] ==> ignore
    arg [--eh-frame-hdr] ==> ignore
    arg [-m] ==> ignore
    arg [elf_x86_64] ==> ignore
    arg [--hash-style=gnu] ==> ignore
    arg [--as-needed] ==> ignore
    arg [-export-dynamic] ==> ignore
    arg [-dynamic-linker] ==> ignore
    arg [/lib64/ld-linux-x86-64.so.2] ==> ignore
    arg [-zrelro] ==> ignore
    arg [-o] ==> ignore
    arg [cmTryCompileExec207968547] ==> ignore
    arg [/usr/lib/gcc/x86_64-linux-gnu/4.9/../../../x86_64-linux-gnu/crt1.o] ==> ignore
    arg [/usr/lib/gcc/x86_64-linux-gnu/4.9/../../../x86_64-linux-gnu/crti.o] ==> ignore
    arg [/usr/lib/gcc/x86_64-linux-gnu/4.9/crtbegin.o] ==> ignore
    arg [-L/usr/lib/gcc/x86_64-linux-gnu/4.9] ==> dir [/usr/lib/gcc/x86_64-linux-gnu/4.9]
    arg [-L/usr/lib/gcc/x86_64-linux-gnu/4.9/../../../x86_64-linux-gnu] ==> dir [/usr/lib/gcc/x86_64-linux-gnu/4.9/../../../x86_64-linux-gnu]
    arg [-L/usr/lib/gcc/x86_64-linux-gnu/4.9/../../../../lib] ==> dir [/usr/lib/gcc/x86_64-linux-gnu/4.9/../../../../lib]
    arg [-L/lib/x86_64-linux-gnu] ==> dir [/lib/x86_64-linux-gnu]
    arg [-L/lib/../lib] ==> dir [/lib/../lib]
    arg [-L/usr/lib/x86_64-linux-gnu] ==> dir [/usr/lib/x86_64-linux-gnu]
    arg [-L/usr/lib/../lib] ==> dir [/usr/lib/../lib]
    arg [-L/usr/lib/gcc/x86_64-linux-gnu/4.9/../../..] ==> dir [/usr/lib/gcc/x86_64-linux-gnu/4.9/../../..]
    arg [CMakeFiles/cmTryCompileExec207968547.dir/CMakeCXXCompilerABI.cpp.o] ==> ignore
    arg [-lstdc++] ==> lib [stdc++]
    arg [-lm] ==> lib [m]
    arg [-lgcc_s] ==> lib [gcc_s]
    arg [-lgcc] ==> lib [gcc]
    arg [-lc] ==> lib [c]
    arg [-lgcc_s] ==> lib [gcc_s]
    arg [-lgcc] ==> lib [gcc]
    arg [/usr/lib/gcc/x86_64-linux-gnu/4.9/crtend.o] ==> ignore
    arg [/usr/lib/gcc/x86_64-linux-gnu/4.9/../../../x86_64-linux-gnu/crtn.o] ==> ignore
  remove lib [gcc_s]
  remove lib [gcc]
  remove lib [gcc_s]
  remove lib [gcc]
  collapse library dir [/usr/lib/gcc/x86_64-linux-gnu/4.9] ==> [/usr/lib/gcc/x86_64-linux-gnu/4.9]
  collapse library dir [/usr/lib/gcc/x86_64-linux-gnu/4.9/../../../x86_64-linux-gnu] ==> [/usr/lib/x86_64-linux-gnu]
  collapse library dir [/usr/lib/gcc/x86_64-linux-gnu/4.9/../../../../lib] ==> [/usr/lib]
  collapse library dir [/lib/x86_64-linux-gnu] ==> [/lib/x86_64-linux-gnu]
  collapse library dir [/lib/../lib] ==> [/lib]
  collapse library dir [/usr/lib/x86_64-linux-gnu] ==> [/usr/lib/x86_64-linux-gnu]
  collapse library dir [/usr/lib/../lib] ==> [/usr/lib]
  collapse library dir [/usr/lib/gcc/x86_64-linux-gnu/4.9/../../..] ==> [/usr/lib]
  implicit libs: [stdc++;m;c]
  implicit dirs: [/usr/lib/gcc/x86_64-linux-gnu/4.9;/usr/lib/x86_64-linux-gnu;/usr/lib;/lib/x86_64-linux-gnu;/lib]
  implicit fwks: []


Performing C++ SOURCE FILE Test standard_math_library_linked_to_automatically succeded with the following output:
Change Dir: /home/jason.b/Desktop/Github/NICE/cpp/build/eigen/src/eigen-build/CMakeFiles/CMakeTmp

Run Build Command:/usr/bin/make "cmTryCompileExec1189880582/fast"
make[3]: Entering directory `/home/jason.b/Desktop/Github/NICE/cpp/build/eigen/src/eigen-build/CMakeFiles/CMakeTmp'
/usr/bin/make -f CMakeFiles/cmTryCompileExec1189880582.dir/build.make CMakeFiles/cmTryCompileExec1189880582.dir/build
make[4]: Entering directory `/home/jason.b/Desktop/Github/NICE/cpp/build/eigen/src/eigen-build/CMakeFiles/CMakeTmp'
/usr/bin/cmake -E cmake_progress_report /home/jason.b/Desktop/Github/NICE/cpp/build/eigen/src/eigen-build/CMakeFiles/CMakeTmp/CMakeFiles 1
Building CXX object CMakeFiles/cmTryCompileExec1189880582.dir/src.cxx.o
/usr/bin/c++    -Dstandard_math_library_linked_to_automatically   -o CMakeFiles/cmTryCompileExec1189880582.dir/src.cxx.o -c /home/jason.b/Desktop/Github/NICE/cpp/build/eigen/src/eigen-build/CMakeFiles/CMakeTmp/src.cxx
Linking CXX executable cmTryCompileExec1189880582
/usr/bin/cmake -E cmake_link_script CMakeFiles/cmTryCompileExec1189880582.dir/link.txt --verbose=1
/usr/bin/c++    -Dstandard_math_library_linked_to_automatically    CMakeFiles/cmTryCompileExec1189880582.dir/src.cxx.o  -o cmTryCompileExec1189880582 -rdynamic 
make[4]: Leaving directory `/home/jason.b/Desktop/Github/NICE/cpp/build/eigen/src/eigen-build/CMakeFiles/CMakeTmp'
make[3]: Leaving directory `/home/jason.b/Desktop/Github/NICE/cpp/build/eigen/src/eigen-build/CMakeFiles/CMakeTmp'

Source file was:
#include<cmath>
int main() { std::sin(0.0); std::log(0.0f); }
Performing C++ SOURCE FILE Test COMPILER_SUPPORT_WERROR succeded with the following output:
Change Dir: /home/jason.b/Desktop/Github/NICE/cpp/build/eigen/src/eigen-build/CMakeFiles/CMakeTmp

Run Build Command:/usr/bin/make "cmTryCompileExec3259070567/fast"
make[3]: Entering directory `/home/jason.b/Desktop/Github/NICE/cpp/build/eigen/src/eigen-build/CMakeFiles/CMakeTmp'
/usr/bin/make -f CMakeFiles/cmTryCompileExec3259070567.dir/build.make CMakeFiles/cmTryCompileExec3259070567.dir/build
make[4]: Entering directory `/home/jason.b/Desktop/Github/NICE/cpp/build/eigen/src/eigen-build/CMakeFiles/CMakeTmp'
/usr/bin/cmake -E cmake_progress_report /home/jason.b/Desktop/Github/NICE/cpp/build/eigen/src/eigen-build/CMakeFiles/CMakeTmp/CMakeFiles 1
Building CXX object CMakeFiles/cmTryCompileExec3259070567.dir/src.cxx.o
/usr/bin/c++    -fexceptions -DCOMPILER_SUPPORT_WERROR   -Werror -o CMakeFiles/cmTryCompileExec3259070567.dir/src.cxx.o -c /home/jason.b/Desktop/Github/NICE/cpp/build/eigen/src/eigen-build/CMakeFiles/CMakeTmp/src.cxx
Linking CXX executable cmTryCompileExec3259070567
/usr/bin/cmake -E cmake_link_script CMakeFiles/cmTryCompileExec3259070567.dir/link.txt --verbose=1
/usr/bin/c++    -fexceptions -DCOMPILER_SUPPORT_WERROR    CMakeFiles/cmTryCompileExec3259070567.dir/src.cxx.o  -o cmTryCompileExec3259070567 -rdynamic 
make[4]: Leaving directory `/home/jason.b/Desktop/Github/NICE/cpp/build/eigen/src/eigen-build/CMakeFiles/CMakeTmp'
make[3]: Leaving directory `/home/jason.b/Desktop/Github/NICE/cpp/build/eigen/src/eigen-build/CMakeFiles/CMakeTmp'

Source file was:
int main() { return 0;}
Performing C++ SOURCE FILE Test COMPILER_SUPPORT_pedantic succeded with the following output:
Change Dir: /home/jason.b/Desktop/Github/NICE/cpp/build/eigen/src/eigen-build/CMakeFiles/CMakeTmp

Run Build Command:/usr/bin/make "cmTryCompileExec3035503225/fast"
make[3]: Entering directory `/home/jason.b/Desktop/Github/NICE/cpp/build/eigen/src/eigen-build/CMakeFiles/CMakeTmp'
/usr/bin/make -f CMakeFiles/cmTryCompileExec3035503225.dir/build.make CMakeFiles/cmTryCompileExec3035503225.dir/build
make[4]: Entering directory `/home/jason.b/Desktop/Github/NICE/cpp/build/eigen/src/eigen-build/CMakeFiles/CMakeTmp'
/usr/bin/cmake -E cmake_progress_report /home/jason.b/Desktop/Github/NICE/cpp/build/eigen/src/eigen-build/CMakeFiles/CMakeTmp/CMakeFiles 1
Building CXX object CMakeFiles/cmTryCompileExec3035503225.dir/src.cxx.o
/usr/bin/c++    -fexceptions -DCOMPILER_SUPPORT_pedantic -Werror   -pedantic -o CMakeFiles/cmTryCompileExec3035503225.dir/src.cxx.o -c /home/jason.b/Desktop/Github/NICE/cpp/build/eigen/src/eigen-build/CMakeFiles/CMakeTmp/src.cxx
Linking CXX executable cmTryCompileExec3035503225
/usr/bin/cmake -E cmake_link_script CMakeFiles/cmTryCompileExec3035503225.dir/link.txt --verbose=1
/usr/bin/c++    -fexceptions -DCOMPILER_SUPPORT_pedantic -Werror    CMakeFiles/cmTryCompileExec3035503225.dir/src.cxx.o  -o cmTryCompileExec3035503225 -rdynamic 
make[4]: Leaving directory `/home/jason.b/Desktop/Github/NICE/cpp/build/eigen/src/eigen-build/CMakeFiles/CMakeTmp'
make[3]: Leaving directory `/home/jason.b/Desktop/Github/NICE/cpp/build/eigen/src/eigen-build/CMakeFiles/CMakeTmp'

Source file was:
int main() { return 0;}
Performing C++ SOURCE FILE Test COMPILER_SUPPORT_Wall succeded with the following output:
Change Dir: /home/jason.b/Desktop/Github/NICE/cpp/build/eigen/src/eigen-build/CMakeFiles/CMakeTmp

Run Build Command:/usr/bin/make "cmTryCompileExec3274472244/fast"
make[3]: Entering directory `/home/jason.b/Desktop/Github/NICE/cpp/build/eigen/src/eigen-build/CMakeFiles/CMakeTmp'
/usr/bin/make -f CMakeFiles/cmTryCompileExec3274472244.dir/build.make CMakeFiles/cmTryCompileExec3274472244.dir/build
make[4]: Entering directory `/home/jason.b/Desktop/Github/NICE/cpp/build/eigen/src/eigen-build/CMakeFiles/CMakeTmp'
/usr/bin/cmake -E cmake_progress_report /home/jason.b/Desktop/Github/NICE/cpp/build/eigen/src/eigen-build/CMakeFiles/CMakeTmp/CMakeFiles 1
Building CXX object CMakeFiles/cmTryCompileExec3274472244.dir/src.cxx.o
/usr/bin/c++    -fexceptions -pedantic -DCOMPILER_SUPPORT_Wall -Werror   -Wall -o CMakeFiles/cmTryCompileExec3274472244.dir/src.cxx.o -c /home/jason.b/Desktop/Github/NICE/cpp/build/eigen/src/eigen-build/CMakeFiles/CMakeTmp/src.cxx
Linking CXX executable cmTryCompileExec3274472244
/usr/bin/cmake -E cmake_link_script CMakeFiles/cmTryCompileExec3274472244.dir/link.txt --verbose=1
/usr/bin/c++    -fexceptions -pedantic -DCOMPILER_SUPPORT_Wall -Werror    CMakeFiles/cmTryCompileExec3274472244.dir/src.cxx.o  -o cmTryCompileExec3274472244 -rdynamic 
make[4]: Leaving directory `/home/jason.b/Desktop/Github/NICE/cpp/build/eigen/src/eigen-build/CMakeFiles/CMakeTmp'
make[3]: Leaving directory `/home/jason.b/Desktop/Github/NICE/cpp/build/eigen/src/eigen-build/CMakeFiles/CMakeTmp'

Source file was:
int main() { return 0;}
Performing C++ SOURCE FILE Test COMPILER_SUPPORT_Wextra succeded with the following output:
Change Dir: /home/jason.b/Desktop/Github/NICE/cpp/build/eigen/src/eigen-build/CMakeFiles/CMakeTmp

Run Build Command:/usr/bin/make "cmTryCompileExec3039170604/fast"
make[3]: Entering directory `/home/jason.b/Desktop/Github/NICE/cpp/build/eigen/src/eigen-build/CMakeFiles/CMakeTmp'
/usr/bin/make -f CMakeFiles/cmTryCompileExec3039170604.dir/build.make CMakeFiles/cmTryCompileExec3039170604.dir/build
make[4]: Entering directory `/home/jason.b/Desktop/Github/NICE/cpp/build/eigen/src/eigen-build/CMakeFiles/CMakeTmp'
/usr/bin/cmake -E cmake_progress_report /home/jason.b/Desktop/Github/NICE/cpp/build/eigen/src/eigen-build/CMakeFiles/CMakeTmp/CMakeFiles 1
Building CXX object CMakeFiles/cmTryCompileExec3039170604.dir/src.cxx.o
/usr/bin/c++    -fexceptions -pedantic -Wall -DCOMPILER_SUPPORT_Wextra -Werror   -Wextra -o CMakeFiles/cmTryCompileExec3039170604.dir/src.cxx.o -c /home/jason.b/Desktop/Github/NICE/cpp/build/eigen/src/eigen-build/CMakeFiles/CMakeTmp/src.cxx
Linking CXX executable cmTryCompileExec3039170604
/usr/bin/cmake -E cmake_link_script CMakeFiles/cmTryCompileExec3039170604.dir/link.txt --verbose=1
/usr/bin/c++    -fexceptions -pedantic -Wall -DCOMPILER_SUPPORT_Wextra -Werror    CMakeFiles/cmTryCompileExec3039170604.dir/src.cxx.o  -o cmTryCompileExec3039170604 -rdynamic 
make[4]: Leaving directory `/home/jason.b/Desktop/Github/NICE/cpp/build/eigen/src/eigen-build/CMakeFiles/CMakeTmp'
make[3]: Leaving directory `/home/jason.b/Desktop/Github/NICE/cpp/build/eigen/src/eigen-build/CMakeFiles/CMakeTmp'

Source file was:
int main() { return 0;}
Performing C++ SOURCE FILE Test COMPILER_SUPPORT_Wundef succeded with the following output:
Change Dir: /home/jason.b/Desktop/Github/NICE/cpp/build/eigen/src/eigen-build/CMakeFiles/CMakeTmp

Run Build Command:/usr/bin/make "cmTryCompileExec1143497837/fast"
make[3]: Entering directory `/home/jason.b/Desktop/Github/NICE/cpp/build/eigen/src/eigen-build/CMakeFiles/CMakeTmp'
/usr/bin/make -f CMakeFiles/cmTryCompileExec1143497837.dir/build.make CMakeFiles/cmTryCompileExec1143497837.dir/build
make[4]: Entering directory `/home/jason.b/Desktop/Github/NICE/cpp/build/eigen/src/eigen-build/CMakeFiles/CMakeTmp'
/usr/bin/cmake -E cmake_progress_report /home/jason.b/Desktop/Github/NICE/cpp/build/eigen/src/eigen-build/CMakeFiles/CMakeTmp/CMakeFiles 1
Building CXX object CMakeFiles/cmTryCompileExec1143497837.dir/src.cxx.o
/usr/bin/c++    -fexceptions -pedantic -Wall -Wextra -DCOMPILER_SUPPORT_Wundef -Werror   -Wundef -o CMakeFiles/cmTryCompileExec1143497837.dir/src.cxx.o -c /home/jason.b/Desktop/Github/NICE/cpp/build/eigen/src/eigen-build/CMakeFiles/CMakeTmp/src.cxx
Linking CXX executable cmTryCompileExec1143497837
/usr/bin/cmake -E cmake_link_script CMakeFiles/cmTryCompileExec1143497837.dir/link.txt --verbose=1
/usr/bin/c++    -fexceptions -pedantic -Wall -Wextra -DCOMPILER_SUPPORT_Wundef -Werror    CMakeFiles/cmTryCompileExec1143497837.dir/src.cxx.o  -o cmTryCompileExec1143497837 -rdynamic 
make[4]: Leaving directory `/home/jason.b/Desktop/Github/NICE/cpp/build/eigen/src/eigen-build/CMakeFiles/CMakeTmp'
make[3]: Leaving directory `/home/jason.b/Desktop/Github/NICE/cpp/build/eigen/src/eigen-build/CMakeFiles/CMakeTmp'

Source file was:
int main() { return 0;}
Performing C++ SOURCE FILE Test COMPILER_SUPPORT_Wcastalign succeded with the following output:
Change Dir: /home/jason.b/Desktop/Github/NICE/cpp/build/eigen/src/eigen-build/CMakeFiles/CMakeTmp

Run Build Command:/usr/bin/make "cmTryCompileExec2049603701/fast"
make[3]: Entering directory `/home/jason.b/Desktop/Github/NICE/cpp/build/eigen/src/eigen-build/CMakeFiles/CMakeTmp'
/usr/bin/make -f CMakeFiles/cmTryCompileExec2049603701.dir/build.make CMakeFiles/cmTryCompileExec2049603701.dir/build
make[4]: Entering directory `/home/jason.b/Desktop/Github/NICE/cpp/build/eigen/src/eigen-build/CMakeFiles/CMakeTmp'
/usr/bin/cmake -E cmake_progress_report /home/jason.b/Desktop/Github/NICE/cpp/build/eigen/src/eigen-build/CMakeFiles/CMakeTmp/CMakeFiles 1
Building CXX object CMakeFiles/cmTryCompileExec2049603701.dir/src.cxx.o
/usr/bin/c++    -fexceptions -pedantic -Wall -Wextra -Wundef -DCOMPILER_SUPPORT_Wcastalign -Werror   -Wcast-align -o CMakeFiles/cmTryCompileExec2049603701.dir/src.cxx.o -c /home/jason.b/Desktop/Github/NICE/cpp/build/eigen/src/eigen-build/CMakeFiles/CMakeTmp/src.cxx
Linking CXX executable cmTryCompileExec2049603701
/usr/bin/cmake -E cmake_link_script CMakeFiles/cmTryCompileExec2049603701.dir/link.txt --verbose=1
/usr/bin/c++    -fexceptions -pedantic -Wall -Wextra -Wundef -DCOMPILER_SUPPORT_Wcastalign -Werror    CMakeFiles/cmTryCompileExec2049603701.dir/src.cxx.o  -o cmTryCompileExec2049603701 -rdynamic 
make[4]: Leaving directory `/home/jason.b/Desktop/Github/NICE/cpp/build/eigen/src/eigen-build/CMakeFiles/CMakeTmp'
make[3]: Leaving directory `/home/jason.b/Desktop/Github/NICE/cpp/build/eigen/src/eigen-build/CMakeFiles/CMakeTmp'

Source file was:
int main() { return 0;}
Performing C++ SOURCE FILE Test COMPILER_SUPPORT_Wcharsubscripts succeded with the following output:
Change Dir: /home/jason.b/Desktop/Github/NICE/cpp/build/eigen/src/eigen-build/CMakeFiles/CMakeTmp

Run Build Command:/usr/bin/make "cmTryCompileExec1939722525/fast"
make[3]: Entering directory `/home/jason.b/Desktop/Github/NICE/cpp/build/eigen/src/eigen-build/CMakeFiles/CMakeTmp'
/usr/bin/make -f CMakeFiles/cmTryCompileExec1939722525.dir/build.make CMakeFiles/cmTryCompileExec1939722525.dir/build
make[4]: Entering directory `/home/jason.b/Desktop/Github/NICE/cpp/build/eigen/src/eigen-build/CMakeFiles/CMakeTmp'
/usr/bin/cmake -E cmake_progress_report /home/jason.b/Desktop/Github/NICE/cpp/build/eigen/src/eigen-build/CMakeFiles/CMakeTmp/CMakeFiles 1
Building CXX object CMakeFiles/cmTryCompileExec1939722525.dir/src.cxx.o
/usr/bin/c++    -fexceptions -pedantic -Wall -Wextra -Wundef -Wcast-align -DCOMPILER_SUPPORT_Wcharsubscripts -Werror   -Wchar-subscripts -o CMakeFiles/cmTryCompileExec1939722525.dir/src.cxx.o -c /home/jason.b/Desktop/Github/NICE/cpp/build/eigen/src/eigen-build/CMakeFiles/CMakeTmp/src.cxx
Linking CXX executable cmTryCompileExec1939722525
/usr/bin/cmake -E cmake_link_script CMakeFiles/cmTryCompileExec1939722525.dir/link.txt --verbose=1
/usr/bin/c++    -fexceptions -pedantic -Wall -Wextra -Wundef -Wcast-align -DCOMPILER_SUPPORT_Wcharsubscripts -Werror    CMakeFiles/cmTryCompileExec1939722525.dir/src.cxx.o  -o cmTryCompileExec1939722525 -rdynamic 
make[4]: Leaving directory `/home/jason.b/Desktop/Github/NICE/cpp/build/eigen/src/eigen-build/CMakeFiles/CMakeTmp'
make[3]: Leaving directory `/home/jason.b/Desktop/Github/NICE/cpp/build/eigen/src/eigen-build/CMakeFiles/CMakeTmp'

Source file was:
int main() { return 0;}
Performing C++ SOURCE FILE Test COMPILER_SUPPORT_Wnonvirtualdtor succeded with the following output:
Change Dir: /home/jason.b/Desktop/Github/NICE/cpp/build/eigen/src/eigen-build/CMakeFiles/CMakeTmp

Run Build Command:/usr/bin/make "cmTryCompileExec4158863414/fast"
make[3]: Entering directory `/home/jason.b/Desktop/Github/NICE/cpp/build/eigen/src/eigen-build/CMakeFiles/CMakeTmp'
/usr/bin/make -f CMakeFiles/cmTryCompileExec4158863414.dir/build.make CMakeFiles/cmTryCompileExec4158863414.dir/build
make[4]: Entering directory `/home/jason.b/Desktop/Github/NICE/cpp/build/eigen/src/eigen-build/CMakeFiles/CMakeTmp'
/usr/bin/cmake -E cmake_progress_report /home/jason.b/Desktop/Github/NICE/cpp/build/eigen/src/eigen-build/CMakeFiles/CMakeTmp/CMakeFiles 1
Building CXX object CMakeFiles/cmTryCompileExec4158863414.dir/src.cxx.o
/usr/bin/c++    -fexceptions -pedantic -Wall -Wextra -Wundef -Wcast-align -Wchar-subscripts -DCOMPILER_SUPPORT_Wnonvirtualdtor -Werror   -Wnon-virtual-dtor -o CMakeFiles/cmTryCompileExec4158863414.dir/src.cxx.o -c /home/jason.b/Desktop/Github/NICE/cpp/build/eigen/src/eigen-build/CMakeFiles/CMakeTmp/src.cxx
Linking CXX executable cmTryCompileExec4158863414
/usr/bin/cmake -E cmake_link_script CMakeFiles/cmTryCompileExec4158863414.dir/link.txt --verbose=1
/usr/bin/c++    -fexceptions -pedantic -Wall -Wextra -Wundef -Wcast-align -Wchar-subscripts -DCOMPILER_SUPPORT_Wnonvirtualdtor -Werror    CMakeFiles/cmTryCompileExec4158863414.dir/src.cxx.o  -o cmTryCompileExec4158863414 -rdynamic 
make[4]: Leaving directory `/home/jason.b/Desktop/Github/NICE/cpp/build/eigen/src/eigen-build/CMakeFiles/CMakeTmp'
make[3]: Leaving directory `/home/jason.b/Desktop/Github/NICE/cpp/build/eigen/src/eigen-build/CMakeFiles/CMakeTmp'

Source file was:
int main() { return 0;}
Performing C++ SOURCE FILE Test COMPILER_SUPPORT_Wunusedlocaltypedefs succeded with the following output:
Change Dir: /home/jason.b/Desktop/Github/NICE/cpp/build/eigen/src/eigen-build/CMakeFiles/CMakeTmp

Run Build Command:/usr/bin/make "cmTryCompileExec727718110/fast"
make[3]: Entering directory `/home/jason.b/Desktop/Github/NICE/cpp/build/eigen/src/eigen-build/CMakeFiles/CMakeTmp'
/usr/bin/make -f CMakeFiles/cmTryCompileExec727718110.dir/build.make CMakeFiles/cmTryCompileExec727718110.dir/build
make[4]: Entering directory `/home/jason.b/Desktop/Github/NICE/cpp/build/eigen/src/eigen-build/CMakeFiles/CMakeTmp'
/usr/bin/cmake -E cmake_progress_report /home/jason.b/Desktop/Github/NICE/cpp/build/eigen/src/eigen-build/CMakeFiles/CMakeTmp/CMakeFiles 1
Building CXX object CMakeFiles/cmTryCompileExec727718110.dir/src.cxx.o
/usr/bin/c++    -fexceptions -pedantic -Wall -Wextra -Wundef -Wcast-align -Wchar-subscripts -Wnon-virtual-dtor -DCOMPILER_SUPPORT_Wunusedlocaltypedefs -Werror   -Wunused-local-typedefs -o CMakeFiles/cmTryCompileExec727718110.dir/src.cxx.o -c /home/jason.b/Desktop/Github/NICE/cpp/build/eigen/src/eigen-build/CMakeFiles/CMakeTmp/src.cxx
Linking CXX executable cmTryCompileExec727718110
/usr/bin/cmake -E cmake_link_script CMakeFiles/cmTryCompileExec727718110.dir/link.txt --verbose=1
/usr/bin/c++    -fexceptions -pedantic -Wall -Wextra -Wundef -Wcast-align -Wchar-subscripts -Wnon-virtual-dtor -DCOMPILER_SUPPORT_Wunusedlocaltypedefs -Werror    CMakeFiles/cmTryCompileExec727718110.dir/src.cxx.o  -o cmTryCompileExec727718110 -rdynamic 
make[4]: Leaving directory `/home/jason.b/Desktop/Github/NICE/cpp/build/eigen/src/eigen-build/CMakeFiles/CMakeTmp'
make[3]: Leaving directory `/home/jason.b/Desktop/Github/NICE/cpp/build/eigen/src/eigen-build/CMakeFiles/CMakeTmp'

Source file was:
int main() { return 0;}
Performing C++ SOURCE FILE Test COMPILER_SUPPORT_Wpointerarith succeded with the following output:
Change Dir: /home/jason.b/Desktop/Github/NICE/cpp/build/eigen/src/eigen-build/CMakeFiles/CMakeTmp

Run Build Command:/usr/bin/make "cmTryCompileExec2322294439/fast"
make[3]: Entering directory `/home/jason.b/Desktop/Github/NICE/cpp/build/eigen/src/eigen-build/CMakeFiles/CMakeTmp'
/usr/bin/make -f CMakeFiles/cmTryCompileExec2322294439.dir/build.make CMakeFiles/cmTryCompileExec2322294439.dir/build
make[4]: Entering directory `/home/jason.b/Desktop/Github/NICE/cpp/build/eigen/src/eigen-build/CMakeFiles/CMakeTmp'
/usr/bin/cmake -E cmake_progress_report /home/jason.b/Desktop/Github/NICE/cpp/build/eigen/src/eigen-build/CMakeFiles/CMakeTmp/CMakeFiles 1
Building CXX object CMakeFiles/cmTryCompileExec2322294439.dir/src.cxx.o
/usr/bin/c++    -fexceptions -pedantic -Wall -Wextra -Wundef -Wcast-align -Wchar-subscripts -Wnon-virtual-dtor -Wunused-local-typedefs -DCOMPILER_SUPPORT_Wpointerarith -Werror   -Wpointer-arith -o CMakeFiles/cmTryCompileExec2322294439.dir/src.cxx.o -c /home/jason.b/Desktop/Github/NICE/cpp/build/eigen/src/eigen-build/CMakeFiles/CMakeTmp/src.cxx
Linking CXX executable cmTryCompileExec2322294439
/usr/bin/cmake -E cmake_link_script CMakeFiles/cmTryCompileExec2322294439.dir/link.txt --verbose=1
/usr/bin/c++    -fexceptions -pedantic -Wall -Wextra -Wundef -Wcast-align -Wchar-subscripts -Wnon-virtual-dtor -Wunused-local-typedefs -DCOMPILER_SUPPORT_Wpointerarith -Werror    CMakeFiles/cmTryCompileExec2322294439.dir/src.cxx.o  -o cmTryCompileExec2322294439 -rdynamic 
make[4]: Leaving directory `/home/jason.b/Desktop/Github/NICE/cpp/build/eigen/src/eigen-build/CMakeFiles/CMakeTmp'
make[3]: Leaving directory `/home/jason.b/Desktop/Github/NICE/cpp/build/eigen/src/eigen-build/CMakeFiles/CMakeTmp'

Source file was:
int main() { return 0;}
Performing C++ SOURCE FILE Test COMPILER_SUPPORT_Wwritestrings succeded with the following output:
Change Dir: /home/jason.b/Desktop/Github/NICE/cpp/build/eigen/src/eigen-build/CMakeFiles/CMakeTmp

Run Build Command:/usr/bin/make "cmTryCompileExec876202725/fast"
make[3]: Entering directory `/home/jason.b/Desktop/Github/NICE/cpp/build/eigen/src/eigen-build/CMakeFiles/CMakeTmp'
/usr/bin/make -f CMakeFiles/cmTryCompileExec876202725.dir/build.make CMakeFiles/cmTryCompileExec876202725.dir/build
make[4]: Entering directory `/home/jason.b/Desktop/Github/NICE/cpp/build/eigen/src/eigen-build/CMakeFiles/CMakeTmp'
/usr/bin/cmake -E cmake_progress_report /home/jason.b/Desktop/Github/NICE/cpp/build/eigen/src/eigen-build/CMakeFiles/CMakeTmp/CMakeFiles 1
Building CXX object CMakeFiles/cmTryCompileExec876202725.dir/src.cxx.o
/usr/bin/c++    -fexceptions -pedantic -Wall -Wextra -Wundef -Wcast-align -Wchar-subscripts -Wnon-virtual-dtor -Wunused-local-typedefs -Wpointer-arith -DCOMPILER_SUPPORT_Wwritestrings -Werror   -Wwrite-strings -o CMakeFiles/cmTryCompileExec876202725.dir/src.cxx.o -c /home/jason.b/Desktop/Github/NICE/cpp/build/eigen/src/eigen-build/CMakeFiles/CMakeTmp/src.cxx
Linking CXX executable cmTryCompileExec876202725
/usr/bin/cmake -E cmake_link_script CMakeFiles/cmTryCompileExec876202725.dir/link.txt --verbose=1
/usr/bin/c++    -fexceptions -pedantic -Wall -Wextra -Wundef -Wcast-align -Wchar-subscripts -Wnon-virtual-dtor -Wunused-local-typedefs -Wpointer-arith -DCOMPILER_SUPPORT_Wwritestrings -Werror    CMakeFiles/cmTryCompileExec876202725.dir/src.cxx.o  -o cmTryCompileExec876202725 -rdynamic 
make[4]: Leaving directory `/home/jason.b/Desktop/Github/NICE/cpp/build/eigen/src/eigen-build/CMakeFiles/CMakeTmp'
make[3]: Leaving directory `/home/jason.b/Desktop/Github/NICE/cpp/build/eigen/src/eigen-build/CMakeFiles/CMakeTmp'

Source file was:
int main() { return 0;}
Performing C++ SOURCE FILE Test COMPILER_SUPPORT_Wformatsecurity succeded with the following output:
Change Dir: /home/jason.b/Desktop/Github/NICE/cpp/build/eigen/src/eigen-build/CMakeFiles/CMakeTmp

Run Build Command:/usr/bin/make "cmTryCompileExec459503118/fast"
make[3]: Entering directory `/home/jason.b/Desktop/Github/NICE/cpp/build/eigen/src/eigen-build/CMakeFiles/CMakeTmp'
/usr/bin/make -f CMakeFiles/cmTryCompileExec459503118.dir/build.make CMakeFiles/cmTryCompileExec459503118.dir/build
make[4]: Entering directory `/home/jason.b/Desktop/Github/NICE/cpp/build/eigen/src/eigen-build/CMakeFiles/CMakeTmp'
/usr/bin/cmake -E cmake_progress_report /home/jason.b/Desktop/Github/NICE/cpp/build/eigen/src/eigen-build/CMakeFiles/CMakeTmp/CMakeFiles 1
Building CXX object CMakeFiles/cmTryCompileExec459503118.dir/src.cxx.o
/usr/bin/c++    -fexceptions -pedantic -Wall -Wextra -Wundef -Wcast-align -Wchar-subscripts -Wnon-virtual-dtor -Wunused-local-typedefs -Wpointer-arith -Wwrite-strings -DCOMPILER_SUPPORT_Wformatsecurity -Werror   -Wformat-security -o CMakeFiles/cmTryCompileExec459503118.dir/src.cxx.o -c /home/jason.b/Desktop/Github/NICE/cpp/build/eigen/src/eigen-build/CMakeFiles/CMakeTmp/src.cxx
Linking CXX executable cmTryCompileExec459503118
/usr/bin/cmake -E cmake_link_script CMakeFiles/cmTryCompileExec459503118.dir/link.txt --verbose=1
/usr/bin/c++    -fexceptions -pedantic -Wall -Wextra -Wundef -Wcast-align -Wchar-subscripts -Wnon-virtual-dtor -Wunused-local-typedefs -Wpointer-arith -Wwrite-strings -DCOMPILER_SUPPORT_Wformatsecurity -Werror    CMakeFiles/cmTryCompileExec459503118.dir/src.cxx.o  -o cmTryCompileExec459503118 -rdynamic 
make[4]: Leaving directory `/home/jason.b/Desktop/Github/NICE/cpp/build/eigen/src/eigen-build/CMakeFiles/CMakeTmp'
make[3]: Leaving directory `/home/jason.b/Desktop/Github/NICE/cpp/build/eigen/src/eigen-build/CMakeFiles/CMakeTmp'

Source file was:
int main() { return 0;}
Performing C++ SOURCE FILE Test COMPILER_SUPPORT_Wnopsabi succeded with the following output:
Change Dir: /home/jason.b/Desktop/Github/NICE/cpp/build/eigen/src/eigen-build/CMakeFiles/CMakeTmp

Run Build Command:/usr/bin/make "cmTryCompileExec953498616/fast"
make[3]: Entering directory `/home/jason.b/Desktop/Github/NICE/cpp/build/eigen/src/eigen-build/CMakeFiles/CMakeTmp'
/usr/bin/make -f CMakeFiles/cmTryCompileExec953498616.dir/build.make CMakeFiles/cmTryCompileExec953498616.dir/build
make[4]: Entering directory `/home/jason.b/Desktop/Github/NICE/cpp/build/eigen/src/eigen-build/CMakeFiles/CMakeTmp'
/usr/bin/cmake -E cmake_progress_report /home/jason.b/Desktop/Github/NICE/cpp/build/eigen/src/eigen-build/CMakeFiles/CMakeTmp/CMakeFiles 1
Building CXX object CMakeFiles/cmTryCompileExec953498616.dir/src.cxx.o
/usr/bin/c++    -fexceptions -pedantic -Wall -Wextra -Wundef -Wcast-align -Wchar-subscripts -Wnon-virtual-dtor -Wunused-local-typedefs -Wpointer-arith -Wwrite-strings -Wformat-security -DCOMPILER_SUPPORT_Wnopsabi -Werror   -Wno-psabi -o CMakeFiles/cmTryCompileExec953498616.dir/src.cxx.o -c /home/jason.b/Desktop/Github/NICE/cpp/build/eigen/src/eigen-build/CMakeFiles/CMakeTmp/src.cxx
Linking CXX executable cmTryCompileExec953498616
/usr/bin/cmake -E cmake_link_script CMakeFiles/cmTryCompileExec953498616.dir/link.txt --verbose=1
/usr/bin/c++    -fexceptions -pedantic -Wall -Wextra -Wundef -Wcast-align -Wchar-subscripts -Wnon-virtual-dtor -Wunused-local-typedefs -Wpointer-arith -Wwrite-strings -Wformat-security -DCOMPILER_SUPPORT_Wnopsabi -Werror    CMakeFiles/cmTryCompileExec953498616.dir/src.cxx.o  -o cmTryCompileExec953498616 -rdynamic 
make[4]: Leaving directory `/home/jason.b/Desktop/Github/NICE/cpp/build/eigen/src/eigen-build/CMakeFiles/CMakeTmp'
make[3]: Leaving directory `/home/jason.b/Desktop/Github/NICE/cpp/build/eigen/src/eigen-build/CMakeFiles/CMakeTmp'

Source file was:
int main() { return 0;}
Performing C++ SOURCE FILE Test COMPILER_SUPPORT_Wnovariadicmacros succeded with the following output:
Change Dir: /home/jason.b/Desktop/Github/NICE/cpp/build/eigen/src/eigen-build/CMakeFiles/CMakeTmp

Run Build Command:/usr/bin/make "cmTryCompileExec963012028/fast"
make[3]: Entering directory `/home/jason.b/Desktop/Github/NICE/cpp/build/eigen/src/eigen-build/CMakeFiles/CMakeTmp'
/usr/bin/make -f CMakeFiles/cmTryCompileExec963012028.dir/build.make CMakeFiles/cmTryCompileExec963012028.dir/build
make[4]: Entering directory `/home/jason.b/Desktop/Github/NICE/cpp/build/eigen/src/eigen-build/CMakeFiles/CMakeTmp'
/usr/bin/cmake -E cmake_progress_report /home/jason.b/Desktop/Github/NICE/cpp/build/eigen/src/eigen-build/CMakeFiles/CMakeTmp/CMakeFiles 1
Building CXX object CMakeFiles/cmTryCompileExec963012028.dir/src.cxx.o
/usr/bin/c++    -fexceptions -pedantic -Wall -Wextra -Wundef -Wcast-align -Wchar-subscripts -Wnon-virtual-dtor -Wunused-local-typedefs -Wpointer-arith -Wwrite-strings -Wformat-security -Wno-psabi -DCOMPILER_SUPPORT_Wnovariadicmacros -Werror   -Wno-variadic-macros -o CMakeFiles/cmTryCompileExec963012028.dir/src.cxx.o -c /home/jason.b/Desktop/Github/NICE/cpp/build/eigen/src/eigen-build/CMakeFiles/CMakeTmp/src.cxx
Linking CXX executable cmTryCompileExec963012028
/usr/bin/cmake -E cmake_link_script CMakeFiles/cmTryCompileExec963012028.dir/link.txt --verbose=1
/usr/bin/c++    -fexceptions -pedantic -Wall -Wextra -Wundef -Wcast-align -Wchar-subscripts -Wnon-virtual-dtor -Wunused-local-typedefs -Wpointer-arith -Wwrite-strings -Wformat-security -Wno-psabi -DCOMPILER_SUPPORT_Wnovariadicmacros -Werror    CMakeFiles/cmTryCompileExec963012028.dir/src.cxx.o  -o cmTryCompileExec963012028 -rdynamic 
make[4]: Leaving directory `/home/jason.b/Desktop/Github/NICE/cpp/build/eigen/src/eigen-build/CMakeFiles/CMakeTmp'
make[3]: Leaving directory `/home/jason.b/Desktop/Github/NICE/cpp/build/eigen/src/eigen-build/CMakeFiles/CMakeTmp'

Source file was:
int main() { return 0;}
Performing C++ SOURCE FILE Test COMPILER_SUPPORT_Wnolonglong succeded with the following output:
Change Dir: /home/jason.b/Desktop/Github/NICE/cpp/build/eigen/src/eigen-build/CMakeFiles/CMakeTmp

Run Build Command:/usr/bin/make "cmTryCompileExec2513796552/fast"
make[3]: Entering directory `/home/jason.b/Desktop/Github/NICE/cpp/build/eigen/src/eigen-build/CMakeFiles/CMakeTmp'
/usr/bin/make -f CMakeFiles/cmTryCompileExec2513796552.dir/build.make CMakeFiles/cmTryCompileExec2513796552.dir/build
make[4]: Entering directory `/home/jason.b/Desktop/Github/NICE/cpp/build/eigen/src/eigen-build/CMakeFiles/CMakeTmp'
/usr/bin/cmake -E cmake_progress_report /home/jason.b/Desktop/Github/NICE/cpp/build/eigen/src/eigen-build/CMakeFiles/CMakeTmp/CMakeFiles 1
Building CXX object CMakeFiles/cmTryCompileExec2513796552.dir/src.cxx.o
/usr/bin/c++    -fexceptions -pedantic -Wall -Wextra -Wundef -Wcast-align -Wchar-subscripts -Wnon-virtual-dtor -Wunused-local-typedefs -Wpointer-arith -Wwrite-strings -Wformat-security -Wno-psabi -Wno-variadic-macros -DCOMPILER_SUPPORT_Wnolonglong -Werror   -Wno-long-long -o CMakeFiles/cmTryCompileExec2513796552.dir/src.cxx.o -c /home/jason.b/Desktop/Github/NICE/cpp/build/eigen/src/eigen-build/CMakeFiles/CMakeTmp/src.cxx
Linking CXX executable cmTryCompileExec2513796552
/usr/bin/cmake -E cmake_link_script CMakeFiles/cmTryCompileExec2513796552.dir/link.txt --verbose=1
/usr/bin/c++    -fexceptions -pedantic -Wall -Wextra -Wundef -Wcast-align -Wchar-subscripts -Wnon-virtual-dtor -Wunused-local-typedefs -Wpointer-arith -Wwrite-strings -Wformat-security -Wno-psabi -Wno-variadic-macros -DCOMPILER_SUPPORT_Wnolonglong -Werror    CMakeFiles/cmTryCompileExec2513796552.dir/src.cxx.o  -o cmTryCompileExec2513796552 -rdynamic 
make[4]: Leaving directory `/home/jason.b/Desktop/Github/NICE/cpp/build/eigen/src/eigen-build/CMakeFiles/CMakeTmp'
make[3]: Leaving directory `/home/jason.b/Desktop/Github/NICE/cpp/build/eigen/src/eigen-build/CMakeFiles/CMakeTmp'

Source file was:
int main() { return 0;}
Performing C++ SOURCE FILE Test COMPILER_SUPPORT_fnochecknew succeded with the following output:
Change Dir: /home/jason.b/Desktop/Github/NICE/cpp/build/eigen/src/eigen-build/CMakeFiles/CMakeTmp

Run Build Command:/usr/bin/make "cmTryCompileExec77982157/fast"
make[3]: Entering directory `/home/jason.b/Desktop/Github/NICE/cpp/build/eigen/src/eigen-build/CMakeFiles/CMakeTmp'
/usr/bin/make -f CMakeFiles/cmTryCompileExec77982157.dir/build.make CMakeFiles/cmTryCompileExec77982157.dir/build
make[4]: Entering directory `/home/jason.b/Desktop/Github/NICE/cpp/build/eigen/src/eigen-build/CMakeFiles/CMakeTmp'
/usr/bin/cmake -E cmake_progress_report /home/jason.b/Desktop/Github/NICE/cpp/build/eigen/src/eigen-build/CMakeFiles/CMakeTmp/CMakeFiles 1
Building CXX object CMakeFiles/cmTryCompileExec77982157.dir/src.cxx.o
/usr/bin/c++    -fexceptions -pedantic -Wall -Wextra -Wundef -Wcast-align -Wchar-subscripts -Wnon-virtual-dtor -Wunused-local-typedefs -Wpointer-arith -Wwrite-strings -Wformat-security -Wno-psabi -Wno-variadic-macros -Wno-long-long -DCOMPILER_SUPPORT_fnochecknew -Werror   -fno-check-new -o CMakeFiles/cmTryCompileExec77982157.dir/src.cxx.o -c /home/jason.b/Desktop/Github/NICE/cpp/build/eigen/src/eigen-build/CMakeFiles/CMakeTmp/src.cxx
Linking CXX executable cmTryCompileExec77982157
/usr/bin/cmake -E cmake_link_script CMakeFiles/cmTryCompileExec77982157.dir/link.txt --verbose=1
/usr/bin/c++    -fexceptions -pedantic -Wall -Wextra -Wundef -Wcast-align -Wchar-subscripts -Wnon-virtual-dtor -Wunused-local-typedefs -Wpointer-arith -Wwrite-strings -Wformat-security -Wno-psabi -Wno-variadic-macros -Wno-long-long -DCOMPILER_SUPPORT_fnochecknew -Werror    CMakeFiles/cmTryCompileExec77982157.dir/src.cxx.o  -o cmTryCompileExec77982157 -rdynamic 
make[4]: Leaving directory `/home/jason.b/Desktop/Github/NICE/cpp/build/eigen/src/eigen-build/CMakeFiles/CMakeTmp'
make[3]: Leaving directory `/home/jason.b/Desktop/Github/NICE/cpp/build/eigen/src/eigen-build/CMakeFiles/CMakeTmp'

Source file was:
int main() { return 0;}
Performing C++ SOURCE FILE Test COMPILER_SUPPORT_fnocommon succeded with the following output:
Change Dir: /home/jason.b/Desktop/Github/NICE/cpp/build/eigen/src/eigen-build/CMakeFiles/CMakeTmp

Run Build Command:/usr/bin/make "cmTryCompileExec567357931/fast"
make[3]: Entering directory `/home/jason.b/Desktop/Github/NICE/cpp/build/eigen/src/eigen-build/CMakeFiles/CMakeTmp'
/usr/bin/make -f CMakeFiles/cmTryCompileExec567357931.dir/build.make CMakeFiles/cmTryCompileExec567357931.dir/build
make[4]: Entering directory `/home/jason.b/Desktop/Github/NICE/cpp/build/eigen/src/eigen-build/CMakeFiles/CMakeTmp'
/usr/bin/cmake -E cmake_progress_report /home/jason.b/Desktop/Github/NICE/cpp/build/eigen/src/eigen-build/CMakeFiles/CMakeTmp/CMakeFiles 1
Building CXX object CMakeFiles/cmTryCompileExec567357931.dir/src.cxx.o
/usr/bin/c++    -fexceptions -pedantic -Wall -Wextra -Wundef -Wcast-align -Wchar-subscripts -Wnon-virtual-dtor -Wunused-local-typedefs -Wpointer-arith -Wwrite-strings -Wformat-security -Wno-psabi -Wno-variadic-macros -Wno-long-long -fno-check-new -DCOMPILER_SUPPORT_fnocommon -Werror   -fno-common -o CMakeFiles/cmTryCompileExec567357931.dir/src.cxx.o -c /home/jason.b/Desktop/Github/NICE/cpp/build/eigen/src/eigen-build/CMakeFiles/CMakeTmp/src.cxx
Linking CXX executable cmTryCompileExec567357931
/usr/bin/cmake -E cmake_link_script CMakeFiles/cmTryCompileExec567357931.dir/link.txt --verbose=1
/usr/bin/c++    -fexceptions -pedantic -Wall -Wextra -Wundef -Wcast-align -Wchar-subscripts -Wnon-virtual-dtor -Wunused-local-typedefs -Wpointer-arith -Wwrite-strings -Wformat-security -Wno-psabi -Wno-variadic-macros -Wno-long-long -fno-check-new -DCOMPILER_SUPPORT_fnocommon -Werror    CMakeFiles/cmTryCompileExec567357931.dir/src.cxx.o  -o cmTryCompileExec567357931 -rdynamic 
make[4]: Leaving directory `/home/jason.b/Desktop/Github/NICE/cpp/build/eigen/src/eigen-build/CMakeFiles/CMakeTmp'
make[3]: Leaving directory `/home/jason.b/Desktop/Github/NICE/cpp/build/eigen/src/eigen-build/CMakeFiles/CMakeTmp'

Source file was:
int main() { return 0;}
Performing C++ SOURCE FILE Test COMPILER_SUPPORT_fstrictaliasing succeded with the following output:
Change Dir: /home/jason.b/Desktop/Github/NICE/cpp/build/eigen/src/eigen-build/CMakeFiles/CMakeTmp

Run Build Command:/usr/bin/make "cmTryCompileExec203401583/fast"
make[3]: Entering directory `/home/jason.b/Desktop/Github/NICE/cpp/build/eigen/src/eigen-build/CMakeFiles/CMakeTmp'
/usr/bin/make -f CMakeFiles/cmTryCompileExec203401583.dir/build.make CMakeFiles/cmTryCompileExec203401583.dir/build
make[4]: Entering directory `/home/jason.b/Desktop/Github/NICE/cpp/build/eigen/src/eigen-build/CMakeFiles/CMakeTmp'
/usr/bin/cmake -E cmake_progress_report /home/jason.b/Desktop/Github/NICE/cpp/build/eigen/src/eigen-build/CMakeFiles/CMakeTmp/CMakeFiles 1
Building CXX object CMakeFiles/cmTryCompileExec203401583.dir/src.cxx.o
/usr/bin/c++    -fexceptions -pedantic -Wall -Wextra -Wundef -Wcast-align -Wchar-subscripts -Wnon-virtual-dtor -Wunused-local-typedefs -Wpointer-arith -Wwrite-strings -Wformat-security -Wno-psabi -Wno-variadic-macros -Wno-long-long -fno-check-new -fno-common -DCOMPILER_SUPPORT_fstrictaliasing -Werror   -fstrict-aliasing -o CMakeFiles/cmTryCompileExec203401583.dir/src.cxx.o -c /home/jason.b/Desktop/Github/NICE/cpp/build/eigen/src/eigen-build/CMakeFiles/CMakeTmp/src.cxx
Linking CXX executable cmTryCompileExec203401583
/usr/bin/cmake -E cmake_link_script CMakeFiles/cmTryCompileExec203401583.dir/link.txt --verbose=1
/usr/bin/c++    -fexceptions -pedantic -Wall -Wextra -Wundef -Wcast-align -Wchar-subscripts -Wnon-virtual-dtor -Wunused-local-typedefs -Wpointer-arith -Wwrite-strings -Wformat-security -Wno-psabi -Wno-variadic-macros -Wno-long-long -fno-check-new -fno-common -DCOMPILER_SUPPORT_fstrictaliasing -Werror    CMakeFiles/cmTryCompileExec203401583.dir/src.cxx.o  -o cmTryCompileExec203401583 -rdynamic 
make[4]: Leaving directory `/home/jason.b/Desktop/Github/NICE/cpp/build/eigen/src/eigen-build/CMakeFiles/CMakeTmp'
make[3]: Leaving directory `/home/jason.b/Desktop/Github/NICE/cpp/build/eigen/src/eigen-build/CMakeFiles/CMakeTmp'

Source file was:
int main() { return 0;}
Performing C++ SOURCE FILE Test COMPILER_SUPPORT_ansi succeded with the following output:
Change Dir: /home/jason.b/Desktop/Github/NICE/cpp/build/eigen/src/eigen-build/CMakeFiles/CMakeTmp

Run Build Command:/usr/bin/make "cmTryCompileExec1542603856/fast"
make[3]: Entering directory `/home/jason.b/Desktop/Github/NICE/cpp/build/eigen/src/eigen-build/CMakeFiles/CMakeTmp'
/usr/bin/make -f CMakeFiles/cmTryCompileExec1542603856.dir/build.make CMakeFiles/cmTryCompileExec1542603856.dir/build
make[4]: Entering directory `/home/jason.b/Desktop/Github/NICE/cpp/build/eigen/src/eigen-build/CMakeFiles/CMakeTmp'
/usr/bin/cmake -E cmake_progress_report /home/jason.b/Desktop/Github/NICE/cpp/build/eigen/src/eigen-build/CMakeFiles/CMakeTmp/CMakeFiles 1
Building CXX object CMakeFiles/cmTryCompileExec1542603856.dir/src.cxx.o
/usr/bin/c++    -fexceptions -pedantic -Wall -Wextra -Wundef -Wcast-align -Wchar-subscripts -Wnon-virtual-dtor -Wunused-local-typedefs -Wpointer-arith -Wwrite-strings -Wformat-security -Wno-psabi -Wno-variadic-macros -Wno-long-long -fno-check-new -fno-common -fstrict-aliasing -DCOMPILER_SUPPORT_ansi -Werror   -ansi -o CMakeFiles/cmTryCompileExec1542603856.dir/src.cxx.o -c /home/jason.b/Desktop/Github/NICE/cpp/build/eigen/src/eigen-build/CMakeFiles/CMakeTmp/src.cxx
Linking CXX executable cmTryCompileExec1542603856
/usr/bin/cmake -E cmake_link_script CMakeFiles/cmTryCompileExec1542603856.dir/link.txt --verbose=1
/usr/bin/c++    -fexceptions -pedantic -Wall -Wextra -Wundef -Wcast-align -Wchar-subscripts -Wnon-virtual-dtor -Wunused-local-typedefs -Wpointer-arith -Wwrite-strings -Wformat-security -Wno-psabi -Wno-variadic-macros -Wno-long-long -fno-check-new -fno-common -fstrict-aliasing -DCOMPILER_SUPPORT_ansi -Werror    CMakeFiles/cmTryCompileExec1542603856.dir/src.cxx.o  -o cmTryCompileExec1542603856 -rdynamic 
make[4]: Leaving directory `/home/jason.b/Desktop/Github/NICE/cpp/build/eigen/src/eigen-build/CMakeFiles/CMakeTmp'
make[3]: Leaving directory `/home/jason.b/Desktop/Github/NICE/cpp/build/eigen/src/eigen-build/CMakeFiles/CMakeTmp'

Source file was:
int main() { return 0;}
Performing C++ SOURCE FILE Test COMPILER_SUPPORT_OPENMP succeded with the following output:
Change Dir: /home/jason.b/Desktop/Github/NICE/cpp/build/eigen/src/eigen-build/CMakeFiles/CMakeTmp

Run Build Command:/usr/bin/make "cmTryCompileExec4008593473/fast"
make[3]: Entering directory `/home/jason.b/Desktop/Github/NICE/cpp/build/eigen/src/eigen-build/CMakeFiles/CMakeTmp'
/usr/bin/make -f CMakeFiles/cmTryCompileExec4008593473.dir/build.make CMakeFiles/cmTryCompileExec4008593473.dir/build
make[4]: Entering directory `/home/jason.b/Desktop/Github/NICE/cpp/build/eigen/src/eigen-build/CMakeFiles/CMakeTmp'
/usr/bin/cmake -E cmake_progress_report /home/jason.b/Desktop/Github/NICE/cpp/build/eigen/src/eigen-build/CMakeFiles/CMakeTmp/CMakeFiles 1
Building CXX object CMakeFiles/cmTryCompileExec4008593473.dir/src.cxx.o
/usr/bin/c++    -fexceptions -pedantic -Wall -Wextra -Wundef -Wcast-align -Wchar-subscripts -Wnon-virtual-dtor -Wunused-local-typedefs -Wpointer-arith -Wwrite-strings -Wformat-security -Wno-psabi -Wno-variadic-macros -Wno-long-long -fno-check-new -fno-common -fstrict-aliasing -ansi -DCOMPILER_SUPPORT_OPENMP   -fopenmp -o CMakeFiles/cmTryCompileExec4008593473.dir/src.cxx.o -c /home/jason.b/Desktop/Github/NICE/cpp/build/eigen/src/eigen-build/CMakeFiles/CMakeTmp/src.cxx
Linking CXX executable cmTryCompileExec4008593473
/usr/bin/cmake -E cmake_link_script CMakeFiles/cmTryCompileExec4008593473.dir/link.txt --verbose=1
/usr/bin/c++    -fexceptions -pedantic -Wall -Wextra -Wundef -Wcast-align -Wchar-subscripts -Wnon-virtual-dtor -Wunused-local-typedefs -Wpointer-arith -Wwrite-strings -Wformat-security -Wno-psabi -Wno-variadic-macros -Wno-long-long -fno-check-new -fno-common -fstrict-aliasing -ansi -DCOMPILER_SUPPORT_OPENMP    CMakeFiles/cmTryCompileExec4008593473.dir/src.cxx.o  -o cmTryCompileExec4008593473 -rdynamic 
make[4]: Leaving directory `/home/jason.b/Desktop/Github/NICE/cpp/build/eigen/src/eigen-build/CMakeFiles/CMakeTmp'
make[3]: Leaving directory `/home/jason.b/Desktop/Github/NICE/cpp/build/eigen/src/eigen-build/CMakeFiles/CMakeTmp'

Source file was:
int main() { return 0;}
