Determining if the pthread_create exist failed with the following output:
Change Dir: /home/jason.b/Desktop/Github/NICE/cpp/build/CMakeFiles/CMakeTmp

Run Build Command:/usr/bin/make "cmTryCompileExec2074129870/fast"
/usr/bin/make -f CMakeFiles/cmTryCompileExec2074129870.dir/build.make CMakeFiles/cmTryCompileExec2074129870.dir/build
make[1]: Entering directory `/home/jason.b/Desktop/Github/NICE/cpp/build/CMakeFiles/CMakeTmp'
/usr/bin/cmake -E cmake_progress_report /home/jason.b/Desktop/Github/NICE/cpp/build/CMakeFiles/CMakeTmp/CMakeFiles 1
Building C object CMakeFiles/cmTryCompileExec2074129870.dir/CheckSymbolExists.c.o
/usr/bin/cc    -o CMakeFiles/cmTryCompileExec2074129870.dir/CheckSymbolExists.c.o   -c /home/jason.b/Desktop/Github/NICE/cpp/build/CMakeFiles/CMakeTmp/CheckSymbolExists.c
Linking C executable cmTryCompileExec2074129870
/usr/bin/cmake -E cmake_link_script CMakeFiles/cmTryCompileExec2074129870.dir/link.txt --verbose=1
/usr/bin/cc       CMakeFiles/cmTryCompileExec2074129870.dir/CheckSymbolExists.c.o  -o cmTryCompileExec2074129870 -rdynamic 
CMakeFiles/cmTryCompileExec2074129870.dir/CheckSymbolExists.c.o: In function `main':
CheckSymbolExists.c:(.text+0x16): undefined reference to `pthread_create'
collect2: error: ld returned 1 exit status
make[1]: Leaving directory `/home/jason.b/Desktop/Github/NICE/cpp/build/CMakeFiles/CMakeTmp'
make[1]: *** [cmTryCompileExec2074129870] Error 1
make: *** [cmTryCompileExec2074129870/fast] Error 2

File /home/jason.b/Desktop/Github/NICE/cpp/build/CMakeFiles/CMakeTmp/CheckSymbolExists.c:
/* */
#include <pthread.h>

int main(int argc, char** argv)
{
  (void)argv;
#ifndef pthread_create
  return ((int*)(&pthread_create))[argc];
#else
  (void)argc;
  return 0;
#endif
}

Determining if the function pthread_create exists in the pthreads failed with the following output:
Change Dir: /home/jason.b/Desktop/Github/NICE/cpp/build/CMakeFiles/CMakeTmp

Run Build Command:/usr/bin/make "cmTryCompileExec2667231116/fast"
/usr/bin/make -f CMakeFiles/cmTryCompileExec2667231116.dir/build.make CMakeFiles/cmTryCompileExec2667231116.dir/build
make[1]: Entering directory `/home/jason.b/Desktop/Github/NICE/cpp/build/CMakeFiles/CMakeTmp'
/usr/bin/cmake -E cmake_progress_report /home/jason.b/Desktop/Github/NICE/cpp/build/CMakeFiles/CMakeTmp/CMakeFiles 1
Building C object CMakeFiles/cmTryCompileExec2667231116.dir/CheckFunctionExists.c.o
/usr/bin/cc   -DCHECK_FUNCTION_EXISTS=pthread_create   -o CMakeFiles/cmTryCompileExec2667231116.dir/CheckFunctionExists.c.o   -c /usr/share/cmake-2.8/Modules/CheckFunctionExists.c
Linking C executable cmTryCompileExec2667231116
/usr/bin/cmake -E cmake_link_script CMakeFiles/cmTryCompileExec2667231116.dir/link.txt --verbose=1
/usr/bin/cc   -DCHECK_FUNCTION_EXISTS=pthread_create    CMakeFiles/cmTryCompileExec2667231116.dir/CheckFunctionExists.c.o  -o cmTryCompileExec2667231116 -rdynamic -lpthreads 
/usr/bin/ld: cannot find -lpthreads
collect2: error: ld returned 1 exit status
make[1]: Leaving directory `/home/jason.b/Desktop/Github/NICE/cpp/build/CMakeFiles/CMakeTmp'
make[1]: *** [cmTryCompileExec2667231116] Error 1
make: *** [cmTryCompileExec2667231116/fast] Error 2


